
Move 1 : 9/13/2024 4:51:36 AM
The color of pwinckles has been chosen according to their preferences. Change my preferences.
restless85 starts a new round
Move 2 : 6:32:18 AM
restless85 bets 30 points
Move 3 : 6:32:20 AM
restless85 plays 2
Move 4 : 6:37:00 AM
pwinckles plays 4
Move 5 : 6:37:25 AM
restless85 plays 7
Move 6 : 6:37:34 AM
pwinckles plays 10
Move 7 : 6:37:54 AM
pwinckles wins this trick and scores 1 point
Move 8 : 6:38:04 AM
pwinckles plays 3-3-3
Move 9 : 6:38:28 AM
restless85 plays 4-4-4
Move 10 : 6:38:33 AM
pwinckles plays 6-6-6
Move 11 : 6:39:24 AM
restless85 plays 8-8-J
Move 12 : 6:40:54 AM
pwinckles plays Q-K
Move 13 : 6:41:14 AM
restless85 scores 13 points as pwinckles won this trick with a bomb
Move 14 : 6:41:19 AM
pwinckles plays 7-J-8-8-9-9
Move 15 : 6:41:37 AM
restless85 plays 3-5-7-9
pwinckles scores 9 points as restless85 won this trick with a bomb
Move 16 : 6:41:47 AM
restless85 plays 5-5-Q-K as a sequence
restless85 wins the trick and scores 10 points
Move 17 : 6:41:51 AM
restless85 plays 9
restless85 goes out and scores 5 points from 1 card of pwinckles
restless85 scores 30 points from a successful bet
restless85 wins this trick and scores 1 point
restless85 scores 2 points from remaining cards of pwinckles and Haggis
pwinckles: 2
Haggis: 2, 2, 5, 6, 7, 10, 10, 10
pwinckles starts a new round
Move 18 : 6:43:38 AM
pwinckles bets 30 points
Move 19 : 6:44:04 AM
pwinckles plays 2
Move 20 : 6:44:32 AM
restless85 plays 4
Move 21 : 6:44:36 AM
pwinckles plays 6
Move 22 : 6:45:08 AM
restless85 plays 8
Move 23 : 6:45:11 AM
pwinckles plays 9
Move 24 : 6:45:15 AM
restless85 plays 10
Move 25 : 6:45:39 AM
pwinckles plays 3-5-7-9
Move 26 : 6:45:48 AM
restless85 scores 5 points as pwinckles won this trick with a bomb
Move 27 : 6:45:51 AM
pwinckles plays 8-8
Move 28 : 6:46:46 AM
restless85 plays 3-5-7-9
Move 29 : 6:46:51 AM
pwinckles scores 4 points as restless85 won this trick with a bomb
Move 30 : 6:46:55 AM
restless85 plays 3-3
Move 31 : 6:47:00 AM
pwinckles plays 10-10
Move 32 : 6:48:04 AM
restless85 plays J-Q-K
pwinckles scores 12 points as restless85 won this trick with a bomb
Move 33 : 6:48:17 AM
restless85 plays 7-7
Move 34 : 6:48:23 AM
pwinckles plays J-Q
restless85 scores 7 points as pwinckles won this trick with a bomb
Move 35 : 6:48:27 AM
pwinckles plays 4-K-5-5
pwinckles goes out and scores 15 points from 3 cards of restless85
pwinckles scores 30 points from a successful bet
pwinckles wins the trick and scores 7 points
pwinckles scores 1 point from remaining cards of restless85 and Haggis
restless85: 2, 6, 6
Haggis: 2, 2, 4, 4, 6, 8, 9, 10
restless85 starts a new round
Move 36 : 6:48:57 AM
restless85 bets 30 points
Move 37 : 6:48:58 AM
restless85 plays 2-2-2
Move 38 : 6:49:31 AM
pwinckles plays 8-8-8
Move 39 : 7:05:45 AM
restless85 plays 10-10-J
Move 40 : 7:08:10 AM
restless85 wins the trick and scores 2 points
Move 41 : 7:09:19 AM
restless85 plays 4-4-4
Move 42 : 7:09:33 AM
pwinckles plays 9-9-J
Move 43 : 7:09:42 AM
restless85 plays 3-5-7-9
Move 44 : 7:10:07 AM
pwinckles plays Q-K
restless85 scores 16 points as pwinckles won this trick with a bomb
Move 45 : 7:10:11 AM
pwinckles plays 5-6-7
Move 46 : 7:10:33 AM
restless85 plays 6-Q-K
Move 47 : 7:10:38 AM
pwinckles plays 3-5-7-9
restless85 scores 14 points as pwinckles won this trick with a bomb
Move 48 : 7:10:41 AM
pwinckles plays 10
pwinckles wins this trick
Move 49 : 7:10:45 AM
pwinckles plays 4
pwinckles goes out and scores 5 points from 1 card of restless85
pwinckles scores 30 points from restless85's failed bet
pwinckles wins this trick
pwinckles scores 4 points from remaining cards of restless85 and Haggis
restless85: 5
Haggis: 2, 3, 3, 6, 6, 7, 8, 10
restless85 starts a new round
Move 50 : 7:11:57 AM
restless85 plays 2
Move 51 : 7:53:01 AM
pwinckles plays 4
Move 52 : 8:11:54 AM
restless85 plays 6
Move 53 : 8:17:40 AM
pwinckles plays 7
Move 54 : 8:20:13 AM
restless85 plays 10
Move 55 : 8:22:15 AM
restless85 wins this trick and scores 1 point
Move 56 : 8:23:34 AM
restless85 plays 3
Move 57 : 8:25:39 AM
pwinckles plays 8
Move 58 : 8:26:34 AM
restless85 plays 10
Move 59 : 8:28:04 AM
restless85 wins this trick and scores 1 point
Move 60 : 8:31:16 AM
restless85 plays 4-4
Move 61 : 8:33:21 AM
pwinckles plays 6-6
Move 62 : 8:47:48 AM
restless85 plays 8-8
Move 63 : 8:48:08 AM
pwinckles plays Q-K
Move 64 : 8:54:42 AM
restless85 scores 8 points as pwinckles won this trick with a bomb
Move 65 : 8:54:53 AM
pwinckles plays 3-J-5
Move 66 : 8:56:26 AM
restless85 plays 8-9-J
Move 67 : 8:56:39 AM
pwinckles plays 3-5-7-9
Move 68 : 8:56:54 AM
restless85 scores 11 points as pwinckles won this trick with a bomb
Move 69 : 8:57:02 AM
pwinckles plays 2-2
Move 70 : 8:57:12 AM
restless85 plays 7-K
restless85 wins the trick and scores 6 points
Move 71 : 8:57:18 AM
restless85 plays 4-5-Q
restless85 goes out and scores 5 points from 1 card of pwinckles
restless85 wins the trick and scores 4 points
restless85 scores 5 points from remaining cards of pwinckles and Haggis
pwinckles: 10
Haggis: 2, 3, 5, 6, 7, 9, 9, 10
pwinckles starts a new round
Move 72 : 8:59:17 AM
pwinckles plays 2-2
Move 73 : 9:00:13 AM
restless85 plays 4-4
Move 74 : 9:00:40 AM
pwinckles plays 9-9
Move 75 : 9:07:44 AM
restless85 plays 10-10
Move 76 : 9:08:17 AM
restless85 wins the trick and scores 2 points
Move 77 : 9:12:31 AM
restless85 plays 2
Move 78 : 9:13:04 AM
pwinckles plays 3
Move 79 : 9:13:18 AM
restless85 plays 5
Move 80 : 9:13:49 AM
pwinckles plays Q-K
Move 81 : 9:14:57 AM
restless85 scores 10 points as pwinckles won this trick with a bomb
Move 82 : 9:15:08 AM
pwinckles plays 3-4-J-6-7-8-9
Move 83 : 9:15:46 AM
restless85 plays J-Q
pwinckles scores 10 points as restless85 won this trick with a bomb
Move 84 : 9:16:39 AM
restless85 plays 5-5-6-K
restless85 wins the trick and scores 7 points
Move 85 : 9:16:44 AM
restless85 plays 7-7
Move 86 : 9:16:49 AM
pwinckles plays 8-8
Move 87 : 9:17:09 AM
pwinckles wins the trick and scores 2 points
Move 88 : 9:17:13 AM
pwinckles plays 8
pwinckles goes out and scores 15 points from 3 cards of restless85
pwinckles wins this trick
pwinckles scores 5 points from remaining cards of restless85 and Haggis
restless85: 3, 9, 10
Haggis: 2, 3, 4, 5, 6, 6, 7, 10
pwinckles starts a new round
Move 89 : 9:18:46 AM
pwinckles bets 30 points
Move 90 : 9:18:51 AM
pwinckles plays 3
Move 91 : 9:19:09 AM
restless85 plays 5
Move 92 : 9:19:25 AM
pwinckles plays 7
Move 93 : 9:19:48 AM
restless85 plays 8
Move 94 : 9:19:54 AM
pwinckles plays 9
Move 95 : 9:20:05 AM
restless85 plays 10
Move 96 : 9:20:11 AM
restless85 wins the trick and scores 4 points
Move 97 : 9:20:35 AM
restless85 plays 3-3
Move 98 : 9:20:41 AM
pwinckles plays 4-4
Move 99 : 9:26:23 AM
restless85 plays 6-6
Move 100 : 9:26:31 AM
pwinckles plays 10-10
Move 101 : 9:26:38 AM
pwinckles wins the trick and scores 2 points
Move 102 : 9:27:13 AM
pwinckles plays 3-5-7-9
restless85 scores 4 points as pwinckles won this trick with a bomb
Move 103 : 9:27:22 AM
pwinckles plays 5-5-J-6-Q-K
pwinckles goes out and scores 50 points from 10 cards of restless85
pwinckles scores 30 points from a successful bet
pwinckles wins the trick and scores 12 points
pwinckles scores 14 points from remaining cards of restless85 and Haggis
restless85: 2, 4, 4, 7, 7, 8, 8, J, Q, K
Haggis: 2, 2, 2, 6, 8, 9, 9, 10
restless85 starts a new round
Move 104 : 9:47:49 AM
restless85 plays 3
Move 105 : 9:50:13 AM
pwinckles plays 7
Move 106 : 9:51:22 AM
restless85 plays 10
Move 107 : 9:52:31 AM
restless85 wins the trick and scores 2 points
Move 108 : 9:57:25 AM
restless85 plays 2-3-J-5
Move 109 : 10:00:14 AM
pwinckles plays 3-5-7-9
Move 110 : 10:00:21 AM
restless85 scores 8 points as pwinckles won this trick with a bomb
Move 111 : 10:00:45 AM
pwinckles plays 4-4-4-4
Move 112 : 10:03:12 AM
restless85 plays 10-10-Q-K
Move 113 : 10:05:00 AM
pwinckles plays J-Q
restless85 scores 13 points as pwinckles won this trick with a bomb
Move 114 : 10:05:08 AM
pwinckles plays 8-8-9-K
Move 115 : 10:05:57 AM
pwinckles wins the trick and scores 6 points
Move 116 : 10:06:05 AM
pwinckles plays 2-2
pwinckles goes out and scores 35 points from 7 cards of restless85
pwinckles wins this trick
pwinckles scores 7 points from remaining cards of restless85 and Haggis
restless85: 5, 5, 6, 6, 7, 8, 9
Haggis: 2, 3, 6, 6, 7, 8, 9, 10
restless85 starts a new round
Move 117 : 10:07:35 AM
restless85 plays 4
Move 118 : 10:07:56 AM
pwinckles plays 5
Move 119 : 10:08:08 AM
restless85 plays 6
Move 120 : 10:08:25 AM
pwinckles plays 10
Move 121 : 10:08:43 AM
pwinckles wins this trick and scores 1 point
Move 122 : 10:09:14 AM
pwinckles plays 2-2-2
Move 123 : 11:16:41 AM
restless85 plays 3-3-3
Move 124 : 11:17:16 AM
pwinckles plays 7-7-7
Move 125 : 11:17:41 AM
restless85 plays 9-9-J
Move 126 : 11:18:27 AM
restless85 wins the trick and scores 10 points
Move 127 : 11:19:24 AM
restless85 plays 5-5-6-6
Move 128 : 11:23:09 AM
pwinckles plays 8-8-J-Q
Move 129 : 11:23:38 AM
restless85 plays Q-K
pwinckles scores 15 points as restless85 won this trick with a bomb
Move 130 : 11:23:43 AM
restless85 plays 8-8
Move 131 : 11:23:56 AM
pwinckles plays 10-K
pwinckles wins the trick and scores 5 points
Move 132 : 11:24:00 AM
pwinckles plays 6
Move 133 : 11:30:37 AM
pwinckles wins this trick
Move 134 : 11:31:48 AM
pwinckles plays 4
Move 135 : 11:57:01 AM
restless85 plays 5
restless85 goes out and scores 5 points from 1 card of pwinckles
restless85 wins this trick and scores 1 point
restless85 scores 4 points from remaining cards of pwinckles and Haggis
pwinckles: 3
Haggis: 2, 4, 4, 7, 9, 9, 10, 10
restless85 starts a new round
Move 136 : 11:57:50 AM
restless85 plays 2
Move 137 : 12:00:05 PM
pwinckles plays 4
Move 138 : 12:05:28 PM
restless85 plays 5
Move 139 : 12:08:19 PM
pwinckles plays K
Move 140 : 12:10:31 PM
pwinckles wins the trick and scores 6 points
Move 141 : 12:13:28 PM
pwinckles plays 6-6-6-J-7-7-7-Q
Move 142 : 12:15:51 PM
restless85 plays J-Q
pwinckles scores 13 points as restless85 won this trick with a bomb
Move 143 : 12:16:15 PM
restless85 plays 4-4
Move 144 : 12:16:31 PM
pwinckles plays 8-8
Move 145 : 12:17:05 PM
restless85 plays 10-10
Move 146 : 12:18:49 PM
restless85 wins this trick
Move 147 : 12:21:46 PM
restless85 plays 3-4-5-6
Move 148 : 12:23:55 PM
restless85 wins the trick and scores 2 points
Move 149 : 12:27:25 PM
restless85 plays 9-9
Move 150 : 12:27:33 PM
restless85 wins the trick and scores 2 points
Move 151 : 12:27:37 PM
restless85 plays 7-K
Move 152 : 12:27:39 PM
restless85 wins the trick and scores 6 points
Move 153 : 12:27:42 PM
restless85 plays 3
restless85 goes out and scores 25 points from 5 cards of pwinckles
restless85 wins this trick and scores 1 point
restless85 scores 6 points from remaining cards of pwinckles and Haggis
pwinckles: 2, 2, 2, 3, 3
Haggis: 5, 5, 8, 8, 9, 9, 10, 10
restless85 starts a new round
Move 154 : 12:30:08 PM
restless85 bets 30 points
Move 155 : 12:30:12 PM
restless85 plays 2
Move 156 : 12:31:40 PM
pwinckles plays 8
Move 157 : 12:32:29 PM
restless85 plays K
Move 158 : 12:32:40 PM
restless85 wins the trick and scores 5 points
Move 159 : 12:32:52 PM
restless85 plays 4-4-5-5
Move 160 : 12:33:38 PM
pwinckles plays 6-6-7-J
Move 161 : 12:33:59 PM
restless85 plays 9-9-10-10
Move 162 : 12:34:06 PM
pwinckles plays 3-5-7-9
Move 163 : 12:34:17 PM
restless85 scores 11 points as pwinckles won this trick with a bomb
Move 164 : 12:34:35 PM
pwinckles plays 2-3-4-5-6-Q-K
Move 165 : 12:35:13 PM
restless85 plays J-Q
pwinckles scores 15 points as restless85 won this trick with a bomb
Move 166 : 12:35:17 PM
restless85 plays 2-3-4
restless85 wins this trick and scores 1 point
Move 167 : 12:35:21 PM
restless85 plays 8-8
restless85 goes out and scores 5 points from 1 card of pwinckles
restless85 scores 30 points from a successful bet
restless85 wins this trick
restless85 scores 4 points from remaining cards of pwinckles and Haggis
pwinckles: 9
Haggis: 2, 3, 6, 7, 7, 8, 10, 10
The end of the game: pwinckles wins!
